<?xml version="1.0" encoding="UTF-8"?>
<testsuite name="io.flutter.plugins.sharedpreferences.LegacySharedPreferencesTest" tests="11" skipped="0" failures="0" errors="0" timestamp="2025-03-29T04:57:33" hostname="PRADUMNYA" time="0.948">
  <properties/>
  <testcase name="getAll" classname="io.flutter.plugins.sharedpreferences.LegacySharedPreferencesTest" time="0.918"/>
  <testcase name="setInt" classname="io.flutter.plugins.sharedpreferences.LegacySharedPreferencesTest" time="0.003"/>
  <testcase name="setDouble" classname="io.flutter.plugins.sharedpreferences.LegacySharedPreferencesTest" time="0.004"/>
  <testcase name="setEncodedStringListSetsAndGetsString" classname="io.flutter.plugins.sharedpreferences.LegacySharedPreferencesTest" time="0.003"/>
  <testcase name="allowList" classname="io.flutter.plugins.sharedpreferences.LegacySharedPreferencesTest" time="0.003"/>
  <testcase name="clearWithNoAllowList" classname="io.flutter.plugins.sharedpreferences.LegacySharedPreferencesTest" time="0.003"/>
  <testcase name="setString" classname="io.flutter.plugins.sharedpreferences.LegacySharedPreferencesTest" time="0.002"/>
  <testcase name="clearWithAllowList" classname="io.flutter.plugins.sharedpreferences.LegacySharedPreferencesTest" time="0.003"/>
  <testcase name="clearAll" classname="io.flutter.plugins.sharedpreferences.LegacySharedPreferencesTest" time="0.002"/>
  <testcase name="testRemove" classname="io.flutter.plugins.sharedpreferences.LegacySharedPreferencesTest" time="0.003"/>
  <testcase name="setBool" classname="io.flutter.plugins.sharedpreferences.LegacySharedPreferencesTest" time="0.004"/>
  <system-out><![CDATA[]]></system-out>
  <system-err><![CDATA[]]></system-err>
</testsuite>
