<?xml version="1.0" encoding="UTF-8"?>
<testsuite name="io.flutter.plugins.sharedpreferences.SharedPreferencesTest" tests="27" skipped="0" failures="0" errors="0" timestamp="2025-03-29T04:57:37" hostname="PRADUMNYA" time="10.361">
  <properties/>
  <testcase name="testSharedPreferencesWithMultipleFiles" classname="io.flutter.plugins.sharedpreferences.SharedPreferencesTest" time="7.434"/>
  <testcase name="testSetAndGetStringListWithSharedPreferencesRedirectsForPlatformEncoded" classname="io.flutter.plugins.sharedpreferences.SharedPreferencesTest" time="0.205"/>
  <testcase name="testSetAndGetStringWithDataStore" classname="io.flutter.plugins.sharedpreferences.SharedPreferencesTest" time="0.975"/>
  <testcase name="testSharedPreferencesDefaultFile" classname="io.flutter.plugins.sharedpreferences.SharedPreferencesTest" time="0.085"/>
  <testcase name="testClearWithDataStore" classname="io.flutter.plugins.sharedpreferences.SharedPreferencesTest" time="0.141"/>
  <testcase name="testGetKeysWithSharedPreferences" classname="io.flutter.plugins.sharedpreferences.SharedPreferencesTest" time="0.096"/>
  <testcase name="testSetAndGetIntWithSharedPreferences" classname="io.flutter.plugins.sharedpreferences.SharedPreferencesTest" time="0.07"/>
  <testcase name="testSetAndGetDoubleWithSharedPreferences" classname="io.flutter.plugins.sharedpreferences.SharedPreferencesTest" time="0.071"/>
  <testcase name="testGetAllWithSharedPreferences" classname="io.flutter.plugins.sharedpreferences.SharedPreferencesTest" time="0.136"/>
  <testcase name="testGetAllWithAllowListWithDataStore" classname="io.flutter.plugins.sharedpreferences.SharedPreferencesTest" time="0.127"/>
  <testcase name="testSetAndGetStringListWithDataStoreReportsRawString" classname="io.flutter.plugins.sharedpreferences.SharedPreferencesTest" time="0.064"/>
  <testcase name="testClearWithAllowListWithSharedPreferences" classname="io.flutter.plugins.sharedpreferences.SharedPreferencesTest" time="0.094"/>
  <testcase name="testSetAndGetBoolWithSharedPreferences" classname="io.flutter.plugins.sharedpreferences.SharedPreferencesTest" time="0.063"/>
  <testcase name="testSetAndGetStringListWithSharedPreferencesReportsRawString" classname="io.flutter.plugins.sharedpreferences.SharedPreferencesTest" time="0.034"/>
  <testcase name="testSetAndGetBoolWithDataStore" classname="io.flutter.plugins.sharedpreferences.SharedPreferencesTest" time="0.049"/>
  <testcase name="testGetAllWithAllowListWithSharedPreferences" classname="io.flutter.plugins.sharedpreferences.SharedPreferencesTest" time="0.135"/>
  <testcase name="testGetKeysWithDataStore" classname="io.flutter.plugins.sharedpreferences.SharedPreferencesTest" time="0.075"/>
  <testcase name="testSetAndGetStringWithSharedPreferences" classname="io.flutter.plugins.sharedpreferences.SharedPreferencesTest" time="0.058"/>
  <testcase name="testSetAndGetDoubleWithDataStore" classname="io.flutter.plugins.sharedpreferences.SharedPreferencesTest" time="0.048"/>
  <testcase name="testSetAndGetIntWithDataStore" classname="io.flutter.plugins.sharedpreferences.SharedPreferencesTest" time="0.04"/>
  <testcase name="testSetAndGetStringListWithSharedPreferences" classname="io.flutter.plugins.sharedpreferences.SharedPreferencesTest" time="0.046"/>
  <testcase name="testClearWithSharedPreferences" classname="io.flutter.plugins.sharedpreferences.SharedPreferencesTest" time="0.071"/>
  <testcase name="testClearWithAllowListWithDataStore" classname="io.flutter.plugins.sharedpreferences.SharedPreferencesTest" time="0.052"/>
  <testcase name="testSetAndGetStringListWithDataStore" classname="io.flutter.plugins.sharedpreferences.SharedPreferencesTest" time="0.032"/>
  <testcase name="testGetAllWithDataStore" classname="io.flutter.plugins.sharedpreferences.SharedPreferencesTest" time="0.057"/>
  <testcase name="testUnexpectedClassDecodeThrows" classname="io.flutter.plugins.sharedpreferences.SharedPreferencesTest" time="0.054"/>
  <testcase name="testSetAndGetStringListWithDataStoreRedirectsForPlatformEncoded" classname="io.flutter.plugins.sharedpreferences.SharedPreferencesTest" time="0.046"/>
  <system-out><![CDATA[]]></system-out>
  <system-err><![CDATA[]]></system-err>
</testsuite>
